<?xml version="1.0" encoding="UTF-8"?>
<testng-results skipped="0" failed="0" ignored="0" total="2" passed="2">
  <reporter-output>
  </reporter-output>
  <suite name="Suite" duration-ms="71" started-at="2019-02-09T02:34:11Z" finished-at="2019-02-09T02:34:11Z">
    <groups>
    </groups>
    <test name="Test" duration-ms="71" started-at="2019-02-09T02:34:11Z" finished-at="2019-02-09T02:34:11Z">
      <class name="qaclickacademy.APITest">
        <test-method status="PASS" signature="APIAutomation()[pri:0, instance:qaclickacademy.APITest@566776ad]" name="APIAutomation" duration-ms="23" started-at="2019-02-08T20:34:11Z" finished-at="2019-02-08T20:34:11Z">
          <reporter-output>
          </reporter-output>
        </test-method> <!-- APIAutomation -->
        <test-method status="PASS" signature="elementsAPI()[pri:0, instance:qaclickacademy.APITest@566776ad]" name="elementsAPI" duration-ms="1" started-at="2019-02-08T20:34:11Z" finished-at="2019-02-08T20:34:11Z">
          <reporter-output>
          </reporter-output>
        </test-method> <!-- elementsAPI -->
      </class> <!-- qaclickacademy.APITest -->
    </test> <!-- Test -->
  </suite> <!-- Suite -->
</testng-results>
